Mache Screenshot...
Screenshot: 1920x1080
WARNING: A restricted method in java.lang.System has been called
WARNING: java.lang.System::loadLibrary has been called by fastgraphics.FastGraphics2D in an unnamed module (file:/C:/Users/andre/Documents/FastJava/2026-04-08-Work-FastGraphics/out/)
WARNING: Use --enable-native-access=ALL-UNNAMED to avoid a warning for callers in this module
WARNING: Restricted methods will be blocked in a future release unless native access is enabled

[FastGraphics] init called with hwnd=2949924
[FastGraphics] DemoApp_init: hwnd=2949924
[FastGraphics] DemoApp_init: calling GetClientRect...
[FastGraphics] DemoApp_init: client size 1574x1129
[FastGraphics] DemoApp_init: creating D3D11 device...
[FastGraphics] DemoApp_init: D3D11 device created OK
[FastGraphics] DemoApp_init: getting backbuffer...
[FastGraphics] DemoApp_init: got backbuffer OK
[FastGraphics] DemoApp_init: creating RTV...
[FastGraphics] DemoApp_init: RTV created OK
[FastGraphics] DemoApp_init: setting viewport...
[FastGraphics] DemoApp_init: viewport set OK
[FastGraphics] DemoApp_init: compiling shaders...
[FastGraphics] DemoApp_init: VS compiled OK
[FastGraphics] DemoApp_init: PS compiled OK
[FastGraphics] g_device initialized OK
Exception in thread "main" java.lang.UnsatisfiedLinkError: 'void fastgraphics.FastGraphics2D.renderBatch(float[], int)'
	at fastgraphics.FastGraphics2D.renderBatch(Native Method)
	at fastgraphics.FastGraphics2D.flush(FastGraphics2D.java:427)
	at fastgraphics.FastGraphics2D.drawRect(FastGraphics2D.java:126)
	at demo.ImageZoomDemo.main(ImageZoomDemo.java:151)
